0 info it worked if it ends with ok
1 verbose cli [ 'node', '/usr/local/bin/npm', 'install' ]
2 info using npm@2.5.1
3 info using node@v0.10.29
4 verbose node symlink /usr/local/bin/node
5 verbose install where, deps [ '/Users/lisa/Sites/github/hazdev-template',
5 verbose install   [ 'grunt',
5 verbose install     'grunt-concurrent',
5 verbose install     'grunt-contrib-clean',
5 verbose install     'grunt-contrib-compass',
5 verbose install     'grunt-contrib-concat',
5 verbose install     'grunt-contrib-copy',
5 verbose install     'grunt-contrib-cssmin',
5 verbose install     'grunt-contrib-jshint',
5 verbose install     'grunt-contrib-uglify',
5 verbose install     'gateway',
5 verbose install     'grunt-contrib-connect',
5 verbose install     'grunt-connect-proxy',
5 verbose install     'grunt-contrib-watch',
5 verbose install     'grunt-open' ] ]
6 verbose install where, peers [ '/Users/lisa/Sites/github/hazdev-template', [] ]
7 info preinstall hazdev-template@0.1.3
8 verbose already installed skipping grunt-contrib-jshint@~0.6.0 /Users/lisa/Sites/github/hazdev-template
9 verbose already installed skipping grunt-contrib-cssmin@~0.6.1 /Users/lisa/Sites/github/hazdev-template
10 verbose already installed skipping grunt-contrib-uglify@~0.7.0 /Users/lisa/Sites/github/hazdev-template
11 verbose already installed skipping gateway@~1.0.0 /Users/lisa/Sites/github/hazdev-template
12 verbose already installed skipping grunt-connect-proxy@~0.1.11 /Users/lisa/Sites/github/hazdev-template
13 verbose already installed skipping grunt-contrib-connect@~0.9.0 /Users/lisa/Sites/github/hazdev-template
14 verbose already installed skipping grunt-contrib-watch@~0.6.1 /Users/lisa/Sites/github/hazdev-template
15 verbose already installed skipping grunt-open@~0.2.0 /Users/lisa/Sites/github/hazdev-template
16 verbose already installed skipping grunt-contrib-clean@~0.4.1 /Users/lisa/Sites/github/hazdev-template
17 verbose already installed skipping grunt-concurrent@~0.3.0 /Users/lisa/Sites/github/hazdev-template
18 verbose already installed skipping grunt@~0.4.1 /Users/lisa/Sites/github/hazdev-template
19 verbose already installed skipping grunt-contrib-compass@~0.2.0 /Users/lisa/Sites/github/hazdev-template
20 verbose already installed skipping grunt-contrib-copy@~0.5.0 /Users/lisa/Sites/github/hazdev-template
21 verbose already installed skipping grunt-contrib-concat@^0.5.0 /Users/lisa/Sites/github/hazdev-template
22 silly install resolved []
23 info build /Users/lisa/Sites/github/hazdev-template
24 verbose linkStuff [ false, false, false, '/Users/lisa/Sites/github' ]
25 info linkStuff hazdev-template@0.1.3
26 verbose linkBins hazdev-template@0.1.3
27 verbose linkMans hazdev-template@0.1.3
28 verbose rebuildBundles hazdev-template@0.1.3
29 verbose rebuildBundles [ '.bin',
29 verbose rebuildBundles   'chai',
29 verbose rebuildBundles   'connect-livereload',
29 verbose rebuildBundles   'gateway',
29 verbose rebuildBundles   'grunt',
29 verbose rebuildBundles   'grunt-concurrent',
29 verbose rebuildBundles   'grunt-connect-proxy',
29 verbose rebuildBundles   'grunt-contrib-clean',
29 verbose rebuildBundles   'grunt-contrib-compass',
29 verbose rebuildBundles   'grunt-contrib-concat',
29 verbose rebuildBundles   'grunt-contrib-connect',
29 verbose rebuildBundles   'grunt-contrib-copy',
29 verbose rebuildBundles   'grunt-contrib-cssmin',
29 verbose rebuildBundles   'grunt-contrib-htmlmin',
29 verbose rebuildBundles   'grunt-contrib-imagemin',
29 verbose rebuildBundles   'grunt-contrib-jshint',
29 verbose rebuildBundles   'grunt-contrib-requirejs',
29 verbose rebuildBundles   'grunt-contrib-uglify',
29 verbose rebuildBundles   'grunt-contrib-watch',
29 verbose rebuildBundles   'grunt-mocha-phantomjs',
29 verbose rebuildBundles   'grunt-open',
29 verbose rebuildBundles   'matchdep',
29 verbose rebuildBundles   'mocha',
29 verbose rebuildBundles   'requirejs',
29 verbose rebuildBundles   'sinon' ]
30 verbose rebuild bundle /Users/lisa/Sites/github/hazdev-template/node_modules/chai
31 info build /Users/lisa/Sites/github/hazdev-template/node_modules/chai
32 info preinstall chai@1.7.2
33 verbose linkStuff [ false,
33 verbose linkStuff   false,
33 verbose linkStuff   false,
33 verbose linkStuff   '/Users/lisa/Sites/github/hazdev-template/node_modules' ]
34 info linkStuff chai@1.7.2
35 verbose linkBins chai@1.7.2
36 verbose linkMans chai@1.7.2
37 verbose rebuildBundles chai@1.7.2
38 verbose rebuildBundles [ 'assertion-error' ]
39 info install chai@1.7.2
40 info postinstall chai@1.7.2
41 verbose rebuild bundle /Users/lisa/Sites/github/hazdev-template/node_modules/connect-livereload
42 info build /Users/lisa/Sites/github/hazdev-template/node_modules/connect-livereload
43 info preinstall connect-livereload@0.2.0
44 verbose linkStuff [ false,
44 verbose linkStuff   false,
44 verbose linkStuff   false,
44 verbose linkStuff   '/Users/lisa/Sites/github/hazdev-template/node_modules' ]
45 info linkStuff connect-livereload@0.2.0
46 verbose linkBins connect-livereload@0.2.0
47 verbose linkMans connect-livereload@0.2.0
48 verbose rebuildBundles connect-livereload@0.2.0
49 info install connect-livereload@0.2.0
50 info postinstall connect-livereload@0.2.0
51 verbose rebuild bundle /Users/lisa/Sites/github/hazdev-template/node_modules/grunt-contrib-htmlmin
52 info build /Users/lisa/Sites/github/hazdev-template/node_modules/grunt-contrib-htmlmin
53 info preinstall grunt-contrib-htmlmin@0.1.3
54 verbose linkStuff [ false,
54 verbose linkStuff   false,
54 verbose linkStuff   false,
54 verbose linkStuff   '/Users/lisa/Sites/github/hazdev-template/node_modules' ]
55 info linkStuff grunt-contrib-htmlmin@0.1.3
56 verbose linkBins grunt-contrib-htmlmin@0.1.3
57 verbose linkMans grunt-contrib-htmlmin@0.1.3
58 verbose rebuildBundles grunt-contrib-htmlmin@0.1.3
59 verbose rebuildBundles [ 'grunt-lib-contrib', 'html-minifier' ]
60 info install grunt-contrib-htmlmin@0.1.3
61 info postinstall grunt-contrib-htmlmin@0.1.3
62 verbose rebuild bundle /Users/lisa/Sites/github/hazdev-template/node_modules/grunt-contrib-imagemin
63 info build /Users/lisa/Sites/github/hazdev-template/node_modules/grunt-contrib-imagemin
64 info preinstall grunt-contrib-imagemin@0.9.2
65 verbose linkStuff [ false,
65 verbose linkStuff   false,
65 verbose linkStuff   false,
65 verbose linkStuff   '/Users/lisa/Sites/github/hazdev-template/node_modules' ]
66 info linkStuff grunt-contrib-imagemin@0.9.2
67 verbose linkBins grunt-contrib-imagemin@0.9.2
68 verbose linkMans grunt-contrib-imagemin@0.9.2
69 verbose rebuildBundles grunt-contrib-imagemin@0.9.2
70 verbose rebuildBundles [ '.bin', 'async', 'chalk', 'imagemin', 'pretty-bytes' ]
71 info install grunt-contrib-imagemin@0.9.2
72 info postinstall grunt-contrib-imagemin@0.9.2
73 verbose rebuild bundle /Users/lisa/Sites/github/hazdev-template/node_modules/grunt-contrib-requirejs
74 info build /Users/lisa/Sites/github/hazdev-template/node_modules/grunt-contrib-requirejs
75 info preinstall grunt-contrib-requirejs@0.4.4
76 verbose linkStuff [ false,
76 verbose linkStuff   false,
76 verbose linkStuff   false,
76 verbose linkStuff   '/Users/lisa/Sites/github/hazdev-template/node_modules' ]
77 info linkStuff grunt-contrib-requirejs@0.4.4
78 verbose linkBins grunt-contrib-requirejs@0.4.4
79 verbose linkMans grunt-contrib-requirejs@0.4.4
80 verbose rebuildBundles grunt-contrib-requirejs@0.4.4
81 info install grunt-contrib-requirejs@0.4.4
82 info postinstall grunt-contrib-requirejs@0.4.4
83 verbose rebuild bundle /Users/lisa/Sites/github/hazdev-template/node_modules/grunt-mocha-phantomjs
84 info build /Users/lisa/Sites/github/hazdev-template/node_modules/grunt-mocha-phantomjs
85 info preinstall grunt-mocha-phantomjs@0.2.8
86 verbose linkStuff [ false,
86 verbose linkStuff   false,
86 verbose linkStuff   false,
86 verbose linkStuff   '/Users/lisa/Sites/github/hazdev-template/node_modules' ]
87 info linkStuff grunt-mocha-phantomjs@0.2.8
88 verbose linkBins grunt-mocha-phantomjs@0.2.8
89 verbose linkMans grunt-mocha-phantomjs@0.2.8
90 verbose rebuildBundles grunt-mocha-phantomjs@0.2.8
91 verbose rebuildBundles [ '.bin', 'mocha-phantomjs', 'phantomjs' ]
92 info install grunt-mocha-phantomjs@0.2.8
93 info postinstall grunt-mocha-phantomjs@0.2.8
94 verbose rebuild bundle /Users/lisa/Sites/github/hazdev-template/node_modules/matchdep
95 info build /Users/lisa/Sites/github/hazdev-template/node_modules/matchdep
96 info preinstall matchdep@0.1.2
97 verbose linkStuff [ false,
97 verbose linkStuff   false,
97 verbose linkStuff   false,
97 verbose linkStuff   '/Users/lisa/Sites/github/hazdev-template/node_modules' ]
98 info linkStuff matchdep@0.1.2
99 verbose linkBins matchdep@0.1.2
100 verbose linkMans matchdep@0.1.2
101 verbose rebuildBundles matchdep@0.1.2
102 verbose rebuildBundles [ 'minimatch' ]
103 info install matchdep@0.1.2
104 info postinstall matchdep@0.1.2
105 verbose rebuild bundle /Users/lisa/Sites/github/hazdev-template/node_modules/mocha
106 info build /Users/lisa/Sites/github/hazdev-template/node_modules/mocha
107 info preinstall mocha@1.9.0
108 verbose linkStuff [ false,
108 verbose linkStuff   false,
108 verbose linkStuff   false,
108 verbose linkStuff   '/Users/lisa/Sites/github/hazdev-template/node_modules' ]
109 info linkStuff mocha@1.9.0
110 verbose linkBins mocha@1.9.0
111 verbose link bins [ { mocha: './bin/mocha', _mocha: './bin/_mocha' },
111 verbose link bins   '/Users/lisa/Sites/github/hazdev-template/node_modules/.bin',
111 verbose link bins   false ]
112 verbose linkMans mocha@1.9.0
113 verbose rebuildBundles mocha@1.9.0
114 verbose rebuildBundles [ '.bin',
114 verbose rebuildBundles   'commander',
114 verbose rebuildBundles   'debug',
114 verbose rebuildBundles   'diff',
114 verbose rebuildBundles   'growl',
114 verbose rebuildBundles   'jade',
114 verbose rebuildBundles   'mkdirp',
114 verbose rebuildBundles   'ms' ]
115 verbose gentlyRm vacuuming /Users/lisa/Sites/github/hazdev-template/node_modules/.bin/mocha
116 verbose gentlyRm vacuuming /Users/lisa/Sites/github/hazdev-template/node_modules/.bin/_mocha
117 silly gentlyRm purging /Users/lisa/Sites/github/hazdev-template/node_modules/.bin/mocha
118 silly gentlyRm purging /Users/lisa/Sites/github/hazdev-template/node_modules/.bin/_mocha
119 silly gentlyRm quitting because other entries in /Users/lisa/Sites/github/hazdev-template/node_modules/.bin
120 silly gentlyRm quitting because other entries in /Users/lisa/Sites/github/hazdev-template/node_modules/.bin
121 info install mocha@1.9.0
122 info postinstall mocha@1.9.0
123 verbose rebuild bundle /Users/lisa/Sites/github/hazdev-template/node_modules/requirejs
124 info build /Users/lisa/Sites/github/hazdev-template/node_modules/requirejs
125 info preinstall requirejs@2.1.11
126 verbose linkStuff [ false,
126 verbose linkStuff   false,
126 verbose linkStuff   false,
126 verbose linkStuff   '/Users/lisa/Sites/github/hazdev-template/node_modules' ]
127 info linkStuff requirejs@2.1.11
128 verbose linkBins requirejs@2.1.11
129 verbose link bins [ { 'r.js': './bin/r.js' },
129 verbose link bins   '/Users/lisa/Sites/github/hazdev-template/node_modules/.bin',
129 verbose link bins   false ]
130 verbose linkMans requirejs@2.1.11
131 verbose rebuildBundles requirejs@2.1.11
132 verbose gentlyRm vacuuming /Users/lisa/Sites/github/hazdev-template/node_modules/.bin/r.js
133 silly gentlyRm purging /Users/lisa/Sites/github/hazdev-template/node_modules/.bin/r.js
134 silly gentlyRm quitting because other entries in /Users/lisa/Sites/github/hazdev-template/node_modules/.bin
135 info install requirejs@2.1.11
136 info postinstall requirejs@2.1.11
137 verbose rebuild bundle /Users/lisa/Sites/github/hazdev-template/node_modules/sinon
138 info build /Users/lisa/Sites/github/hazdev-template/node_modules/sinon
139 info preinstall sinon@1.7.3
140 verbose linkStuff [ false,
140 verbose linkStuff   false,
140 verbose linkStuff   false,
140 verbose linkStuff   '/Users/lisa/Sites/github/hazdev-template/node_modules' ]
141 info linkStuff sinon@1.7.3
142 verbose linkBins sinon@1.7.3
143 verbose linkMans sinon@1.7.3
144 verbose rebuildBundles sinon@1.7.3
145 verbose rebuildBundles [ 'buster-format' ]
146 info install sinon@1.7.3
147 info postinstall sinon@1.7.3
148 info install hazdev-template@0.1.3
149 verbose unsafe-perm in lifecycle true
150 info postinstall hazdev-template@0.1.3
151 verbose unsafe-perm in lifecycle true
152 info hazdev-template@0.1.3 Failed to exec postinstall script
153 verbose stack Error: hazdev-template@0.1.3 postinstall: `grunt builddist`
153 verbose stack Exit status 6
153 verbose stack     at EventEmitter.<anonymous> (/usr/local/lib/node_modules/npm/lib/utils/lifecycle.js:213:16)
153 verbose stack     at EventEmitter.emit (events.js:98:17)
153 verbose stack     at ChildProcess.<anonymous> (/usr/local/lib/node_modules/npm/lib/utils/spawn.js:14:12)
153 verbose stack     at ChildProcess.emit (events.js:98:17)
153 verbose stack     at maybeClose (child_process.js:755:16)
153 verbose stack     at Process.ChildProcess._handle.onexit (child_process.js:822:5)
154 verbose pkgid hazdev-template@0.1.3
155 verbose cwd /Users/lisa/Sites/github/hazdev-template
156 error Darwin 12.6.0
157 error argv "node" "/usr/local/bin/npm" "install"
158 error node v0.10.29
159 error npm  v2.5.1
160 error code ELIFECYCLE
161 error hazdev-template@0.1.3 postinstall: `grunt builddist`
161 error Exit status 6
162 error Failed at the hazdev-template@0.1.3 postinstall script 'grunt builddist'.
162 error This is most likely a problem with the hazdev-template package,
162 error not with npm itself.
162 error Tell the author that this fails on your system:
162 error     grunt builddist
162 error You can get their info via:
162 error     npm owner ls hazdev-template
162 error There is likely additional logging output above.
163 verbose exit [ 1, true ]
